<?xml version="1.0" encoding="UTF-8"?>
<!-- Generated by org.testng.reporters.JUnitReportReporter -->
<testsuite hostname="cartierauto.local" name="cartier.cartierTest.cartier.ViewAdPageTest" tests="3" failures="0" timestamp="13 Mar 2015 04:32:49 GMT" time="179.387" errors="0">
  <testcase name="testShare" time="58.115" classname="cartier.cartierTest.cartier.ViewAdPageTest"/>
  <testcase name="testCheckContact" time="50.237" classname="cartier.cartierTest.cartier.ViewAdPageTest"/>
  <testcase name="testCollect" time="71.035" classname="cartier.cartierTest.cartier.ViewAdPageTest"/>
</testsuite> <!-- cartier.cartierTest.cartier.ViewAdPageTest -->
