<?xml version="1.0" encoding="UTF-8"?>
<!-- Generated by org.testng.reporters.JUnitReportReporter -->
<testsuite hostname="cartierauto.local" name="cartier.cartierTest.cartier.LoginTest" tests="3" failures="0" timestamp="13 Mar 2015 03:46:10 GMT" time="65.675" errors="0">
  <testcase name="testLoginWithWrongPhoneNumber" time="16.020" classname="cartier.cartierTest.cartier.LoginTest"/>
  <testcase name="testzLogInSuccess" time="22.415" classname="cartier.cartierTest.cartier.LoginTest"/>
  <testcase name="testLoginWithWrongPassword" time="27.240" classname="cartier.cartierTest.cartier.LoginTest"/>
</testsuite> <!-- cartier.cartierTest.cartier.LoginTest -->
