<?xml version="1.0" encoding="UTF-8"?>
<!-- Generated by org.testng.reporters.JUnitReportReporter -->
<testsuite hostname="cartierauto.local" name="cartier.cartierTest.cartier.FirstPageTest" tests="1" failures="0" timestamp="16 Mar 2015 04:37:48 GMT" time="92.108" errors="0">
  <testcase name="testUpButton" time="92.108" classname="cartier.cartierTest.cartier.FirstPageTest"/>
</testsuite> <!-- cartier.cartierTest.cartier.FirstPageTest -->
