<?xml version="1.0" encoding="UTF-8"?>
<!-- Generated by org.testng.reporters.JUnitReportReporter -->
<testsuite hostname="cartierauto.local" name="cartier.cartierTest.cartier.ZSettingTest" tests="5" failures="0" timestamp="13 Mar 2015 06:39:39 GMT" time="31.598" errors="0">
  <testcase name="testZSignOut" time="3.453" classname="cartier.cartierTest.cartier.ZSettingTest"/>
  <testcase name="testCheckUpdate" time="6.823" classname="cartier.cartierTest.cartier.ZSettingTest"/>
  <testcase name="testAboutUs" time="5.163" classname="cartier.cartierTest.cartier.ZSettingTest"/>
  <testcase name="testChangeUserName" time="16.158" classname="cartier.cartierTest.cartier.ZSettingTest"/>
  <testcase name="testMyTest" time="0.001" classname="cartier.cartierTest.cartier.ZSettingTest"/>
</testsuite>
