<?xml version="1.0" encoding="UTF-8"?>
<!-- Generated by org.testng.reporters.JUnitReportReporter -->
<testsuite hostname="cartierauto.local" name="cartier.cartierTest.cartier.FirstPageTest" tests="5" failures="0" timestamp="13 Mar 2015 06:39:39 GMT" time="76.791" errors="0">
  <testcase name="testTabs" time="7.121" classname="cartier.cartierTest.cartier.FirstPageTest"/>
  <testcase name="testChangeLocation" time="14.717" classname="cartier.cartierTest.cartier.FirstPageTest"/>
  <testcase name="testGridViewShowing" time="1.043" classname="cartier.cartierTest.cartier.FirstPageTest"/>
  <testcase name="testMyTest" time="0.000" classname="cartier.cartierTest.cartier.FirstPageTest"/>
  <testcase name="testUpButton" time="53.910" classname="cartier.cartierTest.cartier.FirstPageTest"/>
</testsuite>
