<?xml version="1.0" encoding="UTF-8"?>
<!-- Generated by org.testng.reporters.JUnitReportReporter -->
<testsuite hostname="cartierauto.local" name="cartier.cartierTest.cartier.ViewAdPageTest" tests="4" failures="0" timestamp="13 Mar 2015 06:39:39 GMT" time="104.239" errors="0">
  <testcase name="testCollect" time="48.205" classname="cartier.cartierTest.cartier.ViewAdPageTest"/>
  <testcase name="testShare" time="33.009" classname="cartier.cartierTest.cartier.ViewAdPageTest"/>
  <testcase name="testCheckContact" time="23.024" classname="cartier.cartierTest.cartier.ViewAdPageTest"/>
  <testcase name="testMyTest" time="0.001" classname="cartier.cartierTest.cartier.ViewAdPageTest"/>
</testsuite>
