<?xml version="1.0" encoding="UTF-8"?>
<!-- Generated by org.testng.reporters.JUnitReportReporter -->
<testsuite hostname="cartierauto.local" name="cartier.cartierTest.cartier.SellCarTest" tests="4" failures="0" timestamp="13 Mar 2015 06:39:39 GMT" time="273.135" errors="0">
  <testcase name="testEditMyAd" time="160.857" classname="cartier.cartierTest.cartier.SellCarTest"/>
  <testcase name="testMyTest" time="0.000" classname="cartier.cartierTest.cartier.SellCarTest"/>
  <testcase name="testPublishCar" time="94.965" classname="cartier.cartierTest.cartier.SellCarTest"/>
  <testcase name="deleteAllAds" time="17.313" classname="cartier.cartierTest.cartier.SellCarTest"/>
</testsuite>
